<?xml version="1.0" encoding="UTF-8"?>
<!-- Generated by org.testng.reporters.JUnitReportReporter -->
<testsuite hostname="Tom" failures="0" tests="1" name="TestCases.Login_TC" time="11.872" errors="0" timestamp="2024-04-19T00:50:10 IST" skipped="0">
  <testcase classname="TestCases.Login_TC" name="login_TC" time="11.872"/>
  <system-out/>
</testsuite> <!-- TestCases.Login_TC -->
