<?xml version="1.0" encoding="UTF-8"?>
<!-- Generated by org.testng.reporters.JUnitReportReporter -->
<testsuite hostname="Tom" failures="0" tests="3" name="TestCases.DataDriven_TC" time="52.543" errors="0" timestamp="2024-04-18T22:08:27 IST" skipped="0">
  <testcase classname="TestCases.DataDriven_TC" name="confirmation_tc" time="23.660"/>
  <system-out/>
  <testcase classname="TestCases.DataDriven_TC" name="orderDisplayed" time="6.955"/>
  <system-out/>
  <testcase classname="TestCases.DataDriven_TC" name="confirmation_tc" time="21.928"/>
  <system-out/>
</testsuite> <!-- TestCases.DataDriven_TC -->
