<?xml version="1.0" encoding="UTF-8"?>
<!-- Generated by org.testng.reporters.JUnitReportReporter -->
<testsuite hostname="Tom" failures="0" tests="1" name="TestCases.CheckoutPage_TC" time="25.894" errors="0" timestamp="2024-04-19T00:50:10 IST" skipped="0">
  <testcase classname="TestCases.CheckoutPage_TC" name="checkOut_TC" time="25.894"/>
  <system-out/>
</testsuite> <!-- TestCases.CheckoutPage_TC -->
