<?xml version="1.0" encoding="UTF-8"?>
<!-- Generated by org.testng.reporters.JUnitReportReporter -->
<testsuite hostname="Tom" failures="0" tests="3" name="TestCases.orderConfirmation_TC" time="46.465" errors="0" timestamp="2024-04-19T00:48:25 IST" skipped="0">
  <testcase classname="TestCases.orderConfirmation_TC" name="confirmation_tc" time="19.944"/>
  <system-out/>
  <testcase classname="TestCases.orderConfirmation_TC" name="confirmation_tc" time="19.762"/>
  <system-out/>
  <testcase classname="TestCases.orderConfirmation_TC" name="orderDisplayed" time="6.759"/>
  <system-out/>
</testsuite> <!-- TestCases.orderConfirmation_TC -->
